<?xml version="1.0" encoding="UTF-8"?>
<!-- Generated by org.testng.reporters.JUnitReportReporter -->
<testsuite hostname="Jaleel" failures="0" tests="5" name="testCases.TC_003_LoginDataDrivenTest" time="49.274" errors="0" timestamp="2025-09-20T18:22:56 IST" skipped="0">
  <testcase classname="testCases.TC_003_LoginDataDrivenTest" name="LoginDDT" time="11.159"/>
  <testcase classname="testCases.TC_003_LoginDataDrivenTest" name="LoginDDT" time="11.893"/>
  <testcase classname="testCases.TC_003_LoginDataDrivenTest" name="LoginDDT" time="11.162"/>
  <testcase classname="testCases.TC_003_LoginDataDrivenTest" name="LoginDDT" time="3.261"/>
  <testcase classname="testCases.TC_003_LoginDataDrivenTest" name="LoginDDT" time="11.799"/>
</testsuite> <!-- testCases.TC_003_LoginDataDrivenTest -->
