<?xml version="1.0" encoding="UTF-8"?>
<!-- Generated by org.testng.reporters.JUnitReportReporter -->
<testsuite hostname="Jaleel" failures="0" tests="1" name="testCases.TC_001_RegisterUser" time="6.632" errors="0" timestamp="2025-09-21T10:20:11 IST" skipped="0">
  <testcase classname="testCases.TC_001_RegisterUser" name="Register" time="6.632"/>
</testsuite> <!-- testCases.TC_001_RegisterUser -->
