<?xml version="1.0" encoding="UTF-8"?>
<!-- Generated by org.testng.reporters.JUnitReportReporter -->
<testsuite hostname="Jaleel" failures="0" tests="5" name="testCases.TC_006_AddToCart" time="7.740" errors="0" timestamp="2025-09-27T14:20:26 IST" skipped="0">
  <testcase classname="testCases.TC_006_AddToCart" name="AddingToCart" time="1.458"/>
  <testcase classname="testCases.TC_006_AddToCart" name="AddingToCart" time="1.524"/>
  <testcase classname="testCases.TC_006_AddToCart" name="AddingToCart" time="1.452"/>
  <testcase classname="testCases.TC_006_AddToCart" name="AddingToCart" time="1.870"/>
  <testcase classname="testCases.TC_006_AddToCart" name="AddingToCart" time="1.436"/>
</testsuite> <!-- testCases.TC_006_AddToCart -->
