<?xml version="1.0" encoding="UTF-8"?>
<!-- Generated by org.testng.reporters.JUnitReportReporter -->
<testsuite hostname="Jaleel" failures="0" tests="1" name="testCases.TC_007_Checkout" time="6.357" errors="0" timestamp="2025-09-27T20:08:29 IST" skipped="0">
  <testcase classname="testCases.TC_007_Checkout" name="ProductCheckout" time="6.357"/>
</testsuite> <!-- testCases.TC_007_Checkout -->
