<?xml version="1.0" encoding="UTF-8"?>
<!-- Generated by org.testng.reporters.JUnitReportReporter -->
<testsuite hostname="Jaleel" failures="0" tests="1" name="testCases.TC_004_Search" time="1.041" errors="0" timestamp="2025-09-25T16:52:17 IST" skipped="0">
  <testcase classname="testCases.TC_004_Search" name="iMacExists" time="1.041"/>
</testsuite> <!-- testCases.TC_004_Search -->
