<?xml version="1.0" encoding="UTF-8"?>
<!-- Generated by org.testng.reporters.JUnitReportReporter -->
<testsuite hostname="Jaleel" failures="0" tests="1" name="testCases.TC_008_Payment_OrderPlaced" time="10.239" errors="0" timestamp="2025-09-29T16:22:06 IST" skipped="0">
  <testcase classname="testCases.TC_008_Payment_OrderPlaced" name="PaymentAndOrderPlaced" time="10.239"/>
</testsuite> <!-- testCases.TC_008_Payment_OrderPlaced -->
