<?xml version="1.0" encoding="UTF-8"?>
<!-- Generated by org.testng.reporters.JUnitReportReporter -->
<testsuite hostname="Jaleel" failures="0" tests="1" name="testCases.TC_002_LoginTest" time="2.164" errors="0" timestamp="2025-09-20T19:34:37 IST" skipped="0">
  <testcase classname="testCases.TC_002_LoginTest" name="TestLogin" time="2.164"/>
</testsuite> <!-- testCases.TC_002_LoginTest -->
