<?xml version="1.0" encoding="UTF-8"?>
<!-- Generated by org.testng.reporters.JUnitReportReporter -->
<testsuite hostname="Jaleel" failures="0" tests="1" name="testCases.TC_001_RegisterUser" time="7.926" errors="0" timestamp="2025-09-24T13:01:39 IST" skipped="0">
  <testcase classname="testCases.TC_001_RegisterUser" name="Register" time="7.926"/>
</testsuite> <!-- testCases.TC_001_RegisterUser -->
