<?xml version="1.0" encoding="UTF-8"?>
<!-- Generated by org.testng.reporters.JUnitReportReporter -->
<testsuite hostname="Jaleel" failures="0" tests="1" name="testCases.TC_004_Search" time="0.852" errors="0" timestamp="2025-09-25T16:56:30 IST" skipped="0">
  <testcase classname="testCases.TC_004_Search" name="iMacExists" time="0.852"/>
</testsuite> <!-- testCases.TC_004_Search -->
