<?xml version="1.0" encoding="UTF-8"?>
<!-- Generated by org.testng.reporters.JUnitReportReporter -->
<testsuite hostname="Jaleel" failures="0" tests="1" name="testCases.TC_002_LoginTest" time="2.059" errors="0" timestamp="2025-09-21T13:01:44 IST" skipped="0">
  <testcase classname="testCases.TC_002_LoginTest" name="TestLogin" time="2.059"/>
</testsuite> <!-- testCases.TC_002_LoginTest -->
