<?xml version="1.0" encoding="UTF-8"?>
<!-- Generated by org.testng.reporters.JUnitReportReporter -->
<testsuite hostname="Jaleel" failures="0" tests="1" name="testCases.TC_008_Payment_OrderPlaced" time="13.800" errors="0" timestamp="2025-09-29T18:24:04 IST" skipped="0">
  <testcase classname="testCases.TC_008_Payment_OrderPlaced" name="PaymentAndOrderPlaced" time="13.800"/>
</testsuite> <!-- testCases.TC_008_Payment_OrderPlaced -->
