<?xml version="1.0" encoding="UTF-8"?>
<!-- Generated by org.testng.reporters.JUnitReportReporter -->
<testsuite hostname="Jaleel" failures="0" tests="1" name="testCases.TC_006_AddToCart" time="1.750" errors="0" timestamp="2025-09-27T14:24:28 IST" skipped="0">
  <testcase classname="testCases.TC_006_AddToCart" name="AddingToCart" time="1.750"/>
</testsuite> <!-- testCases.TC_006_AddToCart -->
